Build started 12/1/2019 8:43:16 PM.
     1>Project "D:\WorkPlace\C++WorkPlace\WinPcapTest\WinPcapTest\WinPcapTest.vcxproj" on node 2 (Build target(s)).
     1>ClCompile:
         D:\软件\vs2013\VC\bin\CL.exe /c /Zi /nologo /W3 /WX- /sdl /O2 /Oi /Oy- /GL /D WIN32 /D NDEBUG /D _CONSOLE /D _LIB /D _UNICODE /D UNICODE /Gm- /EHsc /MD /GS /Gy /fp:precise /Zc:wchar_t /Zc:forScope /Fo"Release\\" /Fd"Release\vc120.pdb" /Gd /TP /analyze- /errorReport:prompt main.cpp
         main.cpp
     1>main.cpp(9): warning C4101: 'd' : unreferenced local variable
       Link:
         D:\软件\vs2013\VC\bin\link.exe /ERRORREPORT:PROMPT /OUT:"D:\WorkPlace\C++WorkPlace\WinPcapTest\Release\WinPcapTest.exe" /INCREMENTAL:NO /NOLOGO kernel32.lib user32.lib gdi32.lib winspool.lib comdlg32.lib advapi32.lib shell32.lib ole32.lib oleaut32.lib uuid.lib odbc32.lib odbccp32.lib /MANIFEST /MANIFESTUAC:"level='asInvoker' uiAccess='false'" /manifest:embed /DEBUG /PDB:"D:\WorkPlace\C++WorkPlace\WinPcapTest\Release\WinPcapTest.pdb" /SUBSYSTEM:CONSOLE /OPT:REF /OPT:ICF /LTCG /TLBID:1 /DYNAMICBASE /NXCOMPAT /IMPLIB:"D:\WorkPlace\C++WorkPlace\WinPcapTest\Release\WinPcapTest.lib" /MACHINE:X86 /SAFESEH Release\main.obj
     1>main.obj : error LNK2001: unresolved external symbol _pcap_findalldevs
     1>main.obj : error LNK2001: unresolved external symbol _pcap_freealldevs
     1>D:\WorkPlace\C++WorkPlace\WinPcapTest\Release\WinPcapTest.exe : fatal error LNK1120: 2 unresolved externals
     1>Done Building Project "D:\WorkPlace\C++WorkPlace\WinPcapTest\WinPcapTest\WinPcapTest.vcxproj" (Build target(s)) -- FAILED.

Build FAILED.

Time Elapsed 00:00:00.73
